TN:
SF:src\api\detalheEquipe\detalheEquipe.api.js
FN:3,obterDetalheEquipeApi
FNF:1
FNH:1
FNDA:5,obterDetalheEquipeApi
DA:4,5
DA:5,5
DA:7,1
DA:10,4
DA:11,2
DA:13,2
LF:6
LH:6
BRDA:10,0,0,2
BRDA:10,0,1,2
BRDA:10,1,0,4
BRDA:10,1,1,3
BRDA:10,1,2,3
BRDA:13,2,0,2
BRDA:13,2,1,1
BRF:7
BRH:7
end_of_record
TN:
SF:src\api\home\home.api.js
FN:3,obterHomeApi
FNF:1
FNH:1
FNDA:6,obterHomeApi
DA:4,6
DA:5,6
DA:7,1
DA:10,5
DA:11,3
DA:13,2
LF:6
LH:6
BRDA:10,0,0,3
BRDA:10,0,1,2
BRDA:10,1,0,5
BRDA:10,1,1,4
BRDA:10,1,2,3
BRDA:13,2,0,2
BRDA:13,2,1,1
BRF:7
BRH:7
end_of_record
TN:
SF:src\api\mesesMetricas\mesesMetricas.api.js
FN:3,obterMesesMetricasApi
FNF:1
FNH:1
FNDA:6,obterMesesMetricasApi
DA:4,6
DA:6,6
DA:8,1
DA:11,5
DA:12,3
DA:14,2
LF:6
LH:6
BRDA:11,0,0,3
BRDA:11,0,1,2
BRDA:11,1,0,5
BRDA:11,1,1,4
BRDA:11,1,2,3
BRDA:14,2,0,2
BRDA:14,2,1,1
BRF:7
BRH:7
end_of_record
TN:
SF:src\api\metricasGerais\metricasGerais.api.js
FN:3,obterMetricasGeraisApi
FNF:1
FNH:1
FNDA:6,obterMetricasGeraisApi
DA:4,6
DA:5,6
DA:7,1
DA:10,5
DA:11,3
DA:13,2
LF:6
LH:6
BRDA:10,0,0,3
BRDA:10,0,1,2
BRDA:10,1,0,5
BRDA:10,1,1,4
BRDA:10,1,2,3
BRDA:13,2,0,2
BRDA:13,2,1,1
BRF:7
BRH:7
end_of_record
TN:
SF:src\hooks\useClock.js
FN:3,useClock
FN:8,(anonymous_1)
FN:14,(anonymous_2)
FN:16,(anonymous_3)
FNF:4
FNH:4
FNDA:11,useClock
FNDA:4,(anonymous_1)
FNDA:7,(anonymous_2)
FNDA:4,(anonymous_3)
DA:4,11
DA:5,11
DA:6,11
DA:8,11
DA:9,4
DA:10,4
DA:11,4
DA:12,4
DA:14,7
DA:16,4
DA:19,11
LF:11
LH:11
BRDA:3,0,0,11
BRF:1
BRH:1
end_of_record
TN:
SF:src\hooks\detalheEquipe\useDetalheEquipe.hook.js
FN:5,useObterDetalheEquipe
FN:10,obterDetalheEquipe
FNF:2
FNH:2
FNDA:6,useObterDetalheEquipe
FNDA:6,obterDetalheEquipe
DA:7,6
DA:8,6
DA:11,6
DA:12,6
DA:14,1
DA:17,5
DA:18,5
DA:19,5
DA:21,5
DA:23,3
DA:26,3
DA:29,2
DA:33,6
LF:13
LH:13
BRDA:19,0,0,5
BRDA:19,0,1,4
BRDA:19,0,2,3
BRDA:21,1,0,3
BRDA:21,1,1,2
BRDA:21,2,0,5
BRDA:21,2,1,4
BRDA:21,2,2,3
BRDA:29,3,0,2
BRDA:29,3,1,1
BRF:10
BRH:10
end_of_record
TN:
SF:src\hooks\home\useHome.hook.js
FN:5,useObterHome
FN:10,obterHome
FNF:2
FNH:2
FNDA:6,useObterHome
FNDA:6,obterHome
DA:7,6
DA:8,6
DA:11,6
DA:12,6
DA:14,1
DA:17,5
DA:18,5
DA:19,5
DA:21,5
DA:23,3
DA:26,3
DA:29,2
DA:33,6
LF:13
LH:13
BRDA:19,0,0,5
BRDA:19,0,1,4
BRDA:19,0,2,3
BRDA:21,1,0,3
BRDA:21,1,1,2
BRDA:21,2,0,5
BRDA:21,2,1,4
BRDA:21,2,2,3
BRDA:29,3,0,2
BRDA:29,3,1,1
BRF:10
BRH:10
end_of_record
TN:
SF:src\hooks\obterMesesMetricas\useObterMesesMetricas.hook.js
FN:5,useObterMesesMetricas
FN:10,obterMesesMetricas
FNF:2
FNH:2
FNDA:6,useObterMesesMetricas
FNDA:6,obterMesesMetricas
DA:7,6
DA:8,6
DA:11,6
DA:13,6
DA:15,1
DA:18,5
DA:19,5
DA:20,5
DA:22,5
DA:24,3
DA:27,3
DA:30,2
DA:34,6
LF:13
LH:13
BRDA:20,0,0,5
BRDA:20,0,1,4
BRDA:20,0,2,3
BRDA:22,1,0,3
BRDA:22,1,1,2
BRDA:22,2,0,5
BRDA:22,2,1,4
BRDA:22,2,2,3
BRDA:30,3,0,2
BRDA:30,3,1,1
BRF:10
BRH:10
end_of_record
TN:
SF:src\hooks\obterMetricasGerais\useObterMetricasGerais.hook.js
FN:5,useObterMetricasGerais
FN:10,obterMetricasGerais
FNF:2
FNH:2
FNDA:6,useObterMetricasGerais
FNDA:6,obterMetricasGerais
DA:7,6
DA:8,6
DA:11,6
DA:12,6
DA:14,1
DA:17,5
DA:18,5
DA:19,5
DA:21,5
DA:23,3
DA:26,3
DA:29,2
DA:33,6
LF:13
LH:13
BRDA:19,0,0,5
BRDA:19,0,1,4
BRDA:19,0,2,3
BRDA:21,1,0,3
BRDA:21,1,1,2
BRDA:21,2,0,5
BRDA:21,2,1,4
BRDA:21,2,2,3
BRDA:29,3,0,2
BRDA:29,3,1,1
BRF:10
BRH:10
end_of_record
TN:
SF:src\ui\component\cabecalho\cabecalhoDetalheFila.component.jsx
FN:7,CabecalhoDetalheFila
FN:22,(anonymous_1)
FN:56,(anonymous_2)
FN:63,(anonymous_3)
FNF:4
FNH:4
FNDA:5,CabecalhoDetalheFila
FNDA:1,(anonymous_1)
FNDA:15,(anonymous_2)
FNDA:1,(anonymous_3)
DA:9,5
DA:11,5
DA:13,5
DA:22,1
DA:57,15
DA:59,15
DA:63,1
LF:7
LH:7
BRDA:11,0,0,4
BRDA:11,0,1,1
BRDA:64,1,0,5
BRDA:64,1,1,10
BRDA:66,2,0,5
BRDA:66,2,1,10
BRF:6
BRH:6
end_of_record
TN:
SF:src\ui\component\cabecalho\cabecalhoHome.component.jsx
FN:5,CabecalhoHome
FN:16,(anonymous_1)
FN:32,(anonymous_2)
FNF:3
FNH:3
FNDA:2,CabecalhoHome
FNDA:1,(anonymous_1)
FNDA:5,(anonymous_2)
DA:7,2
DA:9,2
DA:16,1
DA:32,5
LF:4
LH:4
BRF:0
BRH:0
end_of_record
TN:
SF:src\ui\component\cabecalho\cabecalhoMetricas.component.jsx
FN:6,CabecalhoMetricas
FN:16,(anonymous_1)
FNF:2
FNH:2
FNDA:3,CabecalhoMetricas
FNDA:1,(anonymous_1)
DA:8,3
DA:10,3
DA:16,1
LF:3
LH:3
BRF:0
BRH:0
end_of_record
TN:
SF:src\ui\component\cabecalho\cabecalhoTelaIndisponivel.component.jsx
FN:5,CabecalhoTelaIndisponivel
FN:11,(anonymous_1)
FNF:2
FNH:2
FNDA:2,CabecalhoTelaIndisponivel
FNDA:1,(anonymous_1)
DA:7,2
DA:9,2
DA:11,1
LF:3
LH:3
BRF:0
BRH:0
end_of_record
TN:
SF:src\ui\component\filaEspera\filaEspera.component.jsx
FN:5,FilaEspera
FN:51,(anonymous_1)
FNF:2
FNH:2
FNDA:11,FilaEspera
FNDA:24,(anonymous_1)
DA:7,11
DA:8,11
DA:9,11
DA:10,11
DA:12,11
DA:54,24
DA:57,24
DA:60,24
DA:62,24
LF:9
LH:9
BRDA:30,0,0,2
BRDA:30,0,1,9
BRDA:42,1,0,2
BRDA:42,1,1,9
BRDA:54,2,0,3
BRDA:54,2,1,21
BRDA:54,3,0,24
BRDA:54,3,1,22
BRDA:57,4,0,24
BRDA:57,4,1,21
BRDA:74,5,0,24
BRDA:74,5,1,1
BRDA:86,6,0,2
BRDA:86,6,1,22
BRDA:91,7,0,3
BRDA:91,7,1,21
BRDA:100,8,0,1
BRDA:100,8,1,10
BRF:18
BRH:18
end_of_record
TN:
SF:src\ui\component\filaTimeCard\filaTimeCard.component.jsx
FN:4,FilaTimeCard
FN:34,(anonymous_1)
FNF:2
FNH:2
FNDA:8,FilaTimeCard
FNDA:2,(anonymous_1)
DA:8,8
DA:9,6
DA:11,2
DA:12,1
DA:15,1
DA:18,8
DA:20,8
DA:34,2
LF:8
LH:8
BRDA:8,0,0,6
BRDA:8,0,1,2
BRDA:11,1,0,1
BRDA:11,1,1,1
BRDA:48,2,0,3
BRDA:48,2,1,5
BRDA:52,3,0,3
BRDA:52,3,1,5
BRF:8
BRH:8
end_of_record
TN:
SF:src\ui\component\metricasGeraisCard\metricasGeraisCards.component.jsx
FN:5,buildKpis
FN:42,MetricasGeraisCard
FN:50,(anonymous_2)
FNF:3
FNH:3
FNDA:2,buildKpis
FNDA:2,MetricasGeraisCard
FNDA:10,(anonymous_2)
DA:6,2
DA:44,2
DA:46,2
DA:51,10
DA:53,10
LF:5
LH:5
BRDA:28,0,0,2
BRDA:28,0,1,1
BRDA:66,1,0,4
BRDA:66,1,1,6
BRF:4
BRH:4
end_of_record
TN:
SF:src\ui\component\seletorPeriodo\seletorPeriodo.component.jsx
FN:6,SeletorPeriodo
FN:14,atualizarDadosMeses
FN:22,(anonymous_2)
FN:26,(anonymous_3)
FN:30,(anonymous_4)
FN:51,(anonymous_5)
FN:56,(anonymous_6)
FNF:7
FNH:7
FNDA:8,SeletorPeriodo
FNDA:2,atualizarDadosMeses
FNDA:2,(anonymous_2)
FNDA:4,(anonymous_3)
FNDA:4,(anonymous_4)
FNDA:1,(anonymous_5)
FNDA:4,(anonymous_6)
DA:8,8
DA:10,8
DA:12,8
DA:16,2
DA:18,2
DA:22,8
DA:23,2
DA:26,8
DA:28,4
DA:30,4
DA:31,4
DA:34,4
DA:38,8
DA:51,1
DA:57,4
LF:15
LH:15
BRF:0
BRH:0
end_of_record
TN:
SF:src\ui\component\ticketsRecusadosCard\ticketsRecusadosCard.component.jsx
FN:5,TicketsRecusadosCard
FNF:1
FNH:1
FNDA:3,TicketsRecusadosCard
DA:7,3
DA:9,3
LF:2
LH:2
BRDA:7,0,0,3
BRDA:7,0,1,2
BRDA:40,1,0,1
BRDA:40,1,1,2
BRDA:45,2,0,1
BRDA:45,2,1,2
BRDA:51,3,0,1
BRDA:51,3,1,2
BRF:8
BRH:8
end_of_record
TN:
SF:src\ui\screen\detalhe-fila\detalheFila.screen.jsx
FN:7,DetalheFila
FN:23,atualizarDadosEquipe
FN:34,(anonymous_2)
FNF:3
FNH:3
FNDA:11,DetalheFila
FNDA:4,atualizarDadosEquipe
FNDA:4,(anonymous_2)
DA:9,11
DA:11,11
DA:13,11
DA:15,11
DA:17,11
DA:19,11
DA:21,11
DA:24,4
DA:26,4
DA:28,4
DA:30,4
DA:34,11
DA:35,4
DA:38,11
LF:14
LH:14
BRDA:15,0,0,11
BRDA:15,0,1,2
BRDA:47,1,0,4
BRDA:47,1,1,7
BRF:4
BRH:4
end_of_record
TN:
SF:src\ui\screen\home\home.screen.jsx
FN:8,Home
FN:18,atualizarDadosHome
FN:29,(anonymous_2)
FN:33,abrirDetalhes
FN:87,(anonymous_4)
FNF:5
FNH:5
FNDA:6,Home
FNDA:2,atualizarDadosHome
FNDA:2,(anonymous_2)
FNDA:1,abrirDetalhes
FNDA:4,(anonymous_4)
DA:10,6
DA:12,6
DA:14,6
DA:16,6
DA:19,2
DA:21,2
DA:23,2
DA:25,2
DA:29,6
DA:30,2
DA:34,1
DA:37,6
DA:43,6
DA:88,4
LF:14
LH:14
BRDA:48,0,0,2
BRDA:48,0,1,4
BRF:2
BRH:2
end_of_record
TN:
SF:src\ui\screen\metricas-filas\metricasFilas.screen.jsx
FN:6,MetricasFilas
FN:16,atualizarDadosMetricas
FN:27,(anonymous_2)
FNF:3
FNH:3
FNDA:9,MetricasFilas
FNDA:3,atualizarDadosMetricas
FNDA:3,(anonymous_2)
DA:8,9
DA:10,9
DA:12,9
DA:14,9
DA:17,3
DA:19,3
DA:21,3
DA:23,3
DA:24,3
DA:27,9
DA:28,3
DA:31,9
LF:12
LH:12
BRDA:39,0,0,3
BRDA:39,0,1,6
BRF:2
BRH:2
end_of_record
TN:
SF:src\ui\screen\telaIndisponivel\telaIndisponivel.screen.jsx
FN:7,TelaIndisponivel
FN:17,handleRetry
FN:20,(anonymous_2)
FNF:3
FNH:3
FNDA:5,TelaIndisponivel
FNDA:2,handleRetry
FNDA:2,(anonymous_2)
DA:9,5
DA:11,5
DA:13,5
DA:15,5
DA:18,2
DA:20,2
DA:21,2
DA:25,5
LF:8
LH:8
BRDA:13,0,0,5
BRDA:13,0,1,2
BRDA:65,1,0,2
BRDA:65,1,1,3
BRF:4
BRH:4
end_of_record
TN:
SF:src\ui\screen\telaNaoEncontrada\telaNaoEncontrada.screen.jsx
FN:6,TelaNaoEncontrada
FN:41,(anonymous_1)
FN:83,(anonymous_2)
FNF:3
FNH:3
FNDA:3,TelaNaoEncontrada
FNDA:1,(anonymous_1)
FNDA:9,(anonymous_2)
DA:8,3
DA:10,3
DA:41,1
DA:84,9
LF:4
LH:4
BRF:0
BRH:0
end_of_record
TN:
SF:src\utils\date.js
FN:1,converterDataParaSeletor
FN:52,converterSeletorParaData
FNF:2
FNH:2
FNDA:13,converterDataParaSeletor
FNDA:13,converterSeletorParaData
DA:3,13
DA:5,13
DA:7,13
DA:9,1
DA:10,1
DA:12,1
DA:13,1
DA:15,1
DA:16,1
DA:18,1
DA:19,1
DA:21,2
DA:22,2
DA:24,1
DA:25,1
DA:27,1
DA:28,1
DA:30,1
DA:31,1
DA:33,1
DA:34,1
DA:36,1
DA:37,1
DA:39,1
DA:40,1
DA:42,1
DA:43,1
DA:46,13
DA:47,13
DA:49,13
DA:54,13
DA:56,13
DA:58,13
DA:60,1
DA:61,1
DA:63,2
DA:64,2
DA:66,1
DA:67,1
DA:69,1
DA:70,1
DA:72,1
DA:73,1
DA:75,1
DA:76,1
DA:78,1
DA:79,1
DA:81,1
DA:82,1
DA:84,1
DA:85,1
DA:87,1
DA:88,1
DA:90,1
DA:91,1
DA:93,1
DA:94,1
DA:97,13
DA:99,13
LF:59
LH:59
BRDA:7,0,0,1
BRDA:7,0,1,1
BRDA:7,0,2,1
BRDA:7,0,3,1
BRDA:7,0,4,2
BRDA:7,0,5,1
BRDA:7,0,6,1
BRDA:7,0,7,1
BRDA:7,0,8,1
BRDA:7,0,9,1
BRDA:7,0,10,1
BRDA:7,0,11,1
BRDA:58,1,0,1
BRDA:58,1,1,2
BRDA:58,1,2,1
BRDA:58,1,3,1
BRDA:58,1,4,1
BRDA:58,1,5,1
BRDA:58,1,6,1
BRDA:58,1,7,1
BRDA:58,1,8,1
BRDA:58,1,9,1
BRDA:58,1,10,1
BRDA:58,1,11,1
BRF:24
BRH:24
end_of_record
TN:
SF:src\utils\time.js
FN:2,formatDuration
FN:8,(anonymous_1)
FN:15,formatHumanDuration
FN:27,elapsedSeconds
FN:32,formatClock
FN:41,formatClockMs
FN:50,elapsedFromMinsAgo
FN:55,elapsedFromSecsAgo
FNF:8
FNH:8
FNDA:8,formatDuration
FNDA:18,(anonymous_1)
FNDA:6,formatHumanDuration
FNDA:1,elapsedSeconds
FNDA:5,formatClock
FNDA:1,formatClockMs
FNDA:1,elapsedFromMinsAgo
FNDA:1,elapsedFromSecsAgo
DA:3,8
DA:4,8
DA:5,8
DA:6,8
DA:8,18
DA:10,8
DA:11,6
DA:16,6
DA:17,6
DA:18,6
DA:19,6
DA:21,6
DA:22,4
DA:23,2
DA:28,1
DA:33,5
DA:42,1
DA:51,1
DA:56,1
LF:19
LH:19
BRDA:10,0,0,2
BRDA:10,0,1,6
BRDA:21,1,0,2
BRDA:21,1,1,4
BRDA:22,2,0,2
BRDA:22,2,1,2
BRF:6
BRH:6
end_of_record
