TN:
SF:src\api\detalheEquipe\detalheEquipe.api.js
FN:3,obterDetalheEquipeApi
FNF:1
FNH:1
FNDA:5,obterDetalheEquipeApi
DA:4,5
DA:5,5
DA:7,1
DA:10,4
DA:11,2
DA:13,2
LF:6
LH:6
BRDA:10,0,0,2
BRDA:10,0,1,2
BRDA:10,1,0,4
BRDA:10,1,1,3
BRDA:10,1,2,3
BRDA:13,2,0,2
BRDA:13,2,1,1
BRF:7
BRH:7
end_of_record
TN:
SF:src\api\home\home.api.js
FN:3,obterHomeApi
FNF:1
FNH:1
FNDA:6,obterHomeApi
DA:4,6
DA:5,6
DA:7,1
DA:10,5
DA:11,3
DA:13,2
LF:6
LH:6
BRDA:10,0,0,3
BRDA:10,0,1,2
BRDA:10,1,0,5
BRDA:10,1,1,4
BRDA:10,1,2,3
BRDA:13,2,0,2
BRDA:13,2,1,1
BRF:7
BRH:7
end_of_record
TN:
SF:src\api\mesesMetricas\mesesMetricas.api.js
FN:3,obterMesesMetricasApi
FNF:1
FNH:1
FNDA:6,obterMesesMetricasApi
DA:4,6
DA:6,6
DA:8,1
DA:11,5
DA:12,3
DA:14,2
LF:6
LH:6
BRDA:11,0,0,3
BRDA:11,0,1,2
BRDA:11,1,0,5
BRDA:11,1,1,4
BRDA:11,1,2,3
BRDA:14,2,0,2
BRDA:14,2,1,1
BRF:7
BRH:7
end_of_record
TN:
SF:src\api\metricasGerais\metricasGerais.api.js
FN:3,obterMetricasGeraisApi
FNF:1
FNH:1
FNDA:6,obterMetricasGeraisApi
DA:4,6
DA:5,6
DA:7,1
DA:10,5
DA:11,3
DA:13,2
LF:6
LH:6
BRDA:10,0,0,3
BRDA:10,0,1,2
BRDA:10,1,0,5
BRDA:10,1,1,4
BRDA:10,1,2,3
BRDA:13,2,0,2
BRDA:13,2,1,1
BRF:7
BRH:7
end_of_record
TN:
SF:src\hooks\useClock.js
FN:3,useClock
FN:8,(anonymous_1)
FN:14,(anonymous_2)
FN:16,(anonymous_3)
FN:20,(anonymous_4)
FNF:5
FNH:5
FNDA:15,useClock
FNDA:5,(anonymous_1)
FNDA:17,(anonymous_2)
FNDA:5,(anonymous_3)
FNDA:1,(anonymous_4)
DA:4,15
DA:5,15
DA:6,15
DA:8,15
DA:9,5
DA:10,5
DA:11,5
DA:12,5
DA:14,17
DA:16,5
DA:20,15
DA:21,1
DA:22,1
DA:23,1
DA:24,1
DA:27,15
LF:16
LH:16
BRDA:3,0,0,15
BRF:1
BRH:1
end_of_record
TN:
SF:src\hooks\detalheEquipe\useDetalheEquipe.hook.js
FN:5,useObterDetalheEquipe
FN:10,obterDetalheEquipe
FNF:2
FNH:2
FNDA:6,useObterDetalheEquipe
FNDA:6,obterDetalheEquipe
DA:7,6
DA:8,6
DA:11,6
DA:12,6
DA:14,1
DA:17,5
DA:18,5
DA:19,5
DA:21,5
DA:23,3
DA:26,3
DA:29,2
DA:33,6
LF:13
LH:13
BRDA:19,0,0,5
BRDA:19,0,1,4
BRDA:19,0,2,3
BRDA:21,1,0,3
BRDA:21,1,1,2
BRDA:21,2,0,5
BRDA:21,2,1,4
BRDA:21,2,2,3
BRDA:29,3,0,2
BRDA:29,3,1,1
BRF:10
BRH:10
end_of_record
TN:
SF:src\hooks\home\useHome.hook.js
FN:5,useObterHome
FN:10,obterHome
FNF:2
FNH:2
FNDA:6,useObterHome
FNDA:6,obterHome
DA:7,6
DA:8,6
DA:11,6
DA:12,6
DA:14,1
DA:17,5
DA:18,5
DA:19,5
DA:21,5
DA:23,3
DA:26,3
DA:29,2
DA:33,6
LF:13
LH:13
BRDA:19,0,0,5
BRDA:19,0,1,4
BRDA:19,0,2,3
BRDA:21,1,0,3
BRDA:21,1,1,2
BRDA:21,2,0,5
BRDA:21,2,1,4
BRDA:21,2,2,3
BRDA:29,3,0,2
BRDA:29,3,1,1
BRF:10
BRH:10
end_of_record
TN:
SF:src\hooks\obterMesesMetricas\useObterMesesMetricas.hook.js
FN:5,useObterMesesMetricas
FN:10,obterMesesMetricas
FNF:2
FNH:2
FNDA:6,useObterMesesMetricas
FNDA:6,obterMesesMetricas
DA:7,6
DA:8,6
DA:11,6
DA:13,6
DA:15,1
DA:18,5
DA:19,5
DA:20,5
DA:22,5
DA:24,3
DA:27,3
DA:30,2
DA:34,6
LF:13
LH:13
BRDA:20,0,0,5
BRDA:20,0,1,4
BRDA:20,0,2,3
BRDA:22,1,0,3
BRDA:22,1,1,2
BRDA:22,2,0,5
BRDA:22,2,1,4
BRDA:22,2,2,3
BRDA:30,3,0,2
BRDA:30,3,1,1
BRF:10
BRH:10
end_of_record
TN:
SF:src\hooks\obterMetricasGerais\useObterMetricasGerais.hook.js
FN:5,useObterMetricasGerais
FN:10,obterMetricasGerais
FNF:2
FNH:2
FNDA:6,useObterMetricasGerais
FNDA:6,obterMetricasGerais
DA:7,6
DA:8,6
DA:11,6
DA:12,6
DA:14,1
DA:17,5
DA:18,5
DA:19,5
DA:21,5
DA:23,3
DA:26,3
DA:29,2
DA:33,6
LF:13
LH:13
BRDA:19,0,0,5
BRDA:19,0,1,4
BRDA:19,0,2,3
BRDA:21,1,0,3
BRDA:21,1,1,2
BRDA:21,2,0,5
BRDA:21,2,1,4
BRDA:21,2,2,3
BRDA:29,3,0,2
BRDA:29,3,1,1
BRF:10
BRH:10
end_of_record
TN:
SF:src\hooks\smartPooling\useSmartPolling.hook.js
FN:8,useSmartPolling
FN:12,(anonymous_1)
FN:16,(anonymous_2)
FN:18,(anonymous_3)
FN:31,(anonymous_4)
FNF:5
FNH:5
FNDA:6,useSmartPolling
FNDA:6,(anonymous_1)
FNDA:5,(anonymous_2)
FNDA:7,(anonymous_3)
FNDA:5,(anonymous_4)
DA:9,6
DA:12,6
DA:13,6
DA:16,6
DA:18,5
DA:19,7
DA:20,4
DA:25,5
DA:28,5
DA:31,5
DA:32,5
DA:33,5
LF:12
LH:12
BRDA:8,0,0,6
BRDA:19,1,0,4
BRDA:19,1,1,3
BRF:3
BRH:3
end_of_record
TN:
SF:src\ui\component\atendentesEquipe\atendentesEquipe.component.jsx
FN:5,BadgeStatus
FN:23,gerarIniciais
FN:27,(anonymous_2)
FN:32,AtendentesEquipe
FN:51,(anonymous_4)
FN:79,(anonymous_5)
FNF:6
FNH:6
FNDA:4,BadgeStatus
FNDA:4,gerarIniciais
FNDA:8,(anonymous_2)
FNDA:4,AtendentesEquipe
FNDA:4,(anonymous_4)
FNDA:1,(anonymous_5)
DA:6,4
DA:7,1
DA:15,3
DA:24,4
DA:27,8
DA:33,4
DA:53,4
DA:55,4
DA:80,1
LF:9
LH:9
BRDA:6,0,0,1
BRDA:6,0,1,3
BRDA:78,1,0,1
BRDA:78,1,1,3
BRDA:101,2,0,2
BRDA:101,2,1,1
BRF:6
BRH:6
end_of_record
TN:
SF:src\ui\component\cabecalho\cabecalhoDetalheFila.component.jsx
FN:7,CabecalhoDetalheFila
FN:22,(anonymous_1)
FN:56,(anonymous_2)
FN:63,(anonymous_3)
FNF:4
FNH:4
FNDA:5,CabecalhoDetalheFila
FNDA:1,(anonymous_1)
FNDA:15,(anonymous_2)
FNDA:1,(anonymous_3)
DA:9,5
DA:11,5
DA:13,5
DA:22,1
DA:57,15
DA:59,15
DA:63,1
LF:7
LH:7
BRDA:11,0,0,4
BRDA:11,0,1,1
BRDA:64,1,0,5
BRDA:64,1,1,10
BRDA:66,2,0,5
BRDA:66,2,1,10
BRF:6
BRH:6
end_of_record
TN:
SF:src\ui\component\cabecalho\cabecalhoHome.component.jsx
FN:5,CabecalhoHome
FN:16,(anonymous_1)
FN:32,(anonymous_2)
FNF:3
FNH:3
FNDA:2,CabecalhoHome
FNDA:1,(anonymous_1)
FNDA:5,(anonymous_2)
DA:7,2
DA:9,2
DA:16,1
DA:32,5
LF:4
LH:4
BRF:0
BRH:0
end_of_record
TN:
SF:src\ui\component\cabecalho\cabecalhoMetricas.component.jsx
FN:6,CabecalhoMetricas
FN:16,(anonymous_1)
FNF:2
FNH:2
FNDA:3,CabecalhoMetricas
FNDA:1,(anonymous_1)
DA:8,3
DA:10,3
DA:16,1
LF:3
LH:3
BRF:0
BRH:0
end_of_record
TN:
SF:src\ui\component\cabecalho\cabecalhoTelaIndisponivel.component.jsx
FN:5,CabecalhoTelaIndisponivel
FN:11,(anonymous_1)
FNF:2
FNH:2
FNDA:2,CabecalhoTelaIndisponivel
FNDA:1,(anonymous_1)
DA:7,2
DA:9,2
DA:11,1
LF:3
LH:3
BRF:0
BRH:0
end_of_record
TN:
SF:src\ui\component\cabecalho\cabecalhoTelaNaoEncontrada.component.jsx
FN:4,CabecalhoTelaNaoEncontrada
FNF:1
FNH:1
FNDA:1,CabecalhoTelaNaoEncontrada
DA:6,1
LF:1
LH:1
BRF:0
BRH:0
end_of_record
TN:
SF:src\ui\component\filaEspera\filaEspera.component.jsx
FN:5,FilaEspera
FN:51,(anonymous_1)
FNF:2
FNH:2
FNDA:11,FilaEspera
FNDA:24,(anonymous_1)
DA:7,11
DA:8,11
DA:9,11
DA:10,11
DA:12,11
DA:54,24
DA:57,24
DA:60,24
DA:62,24
LF:9
LH:9
BRDA:30,0,0,2
BRDA:30,0,1,9
BRDA:42,1,0,2
BRDA:42,1,1,9
BRDA:54,2,0,3
BRDA:54,2,1,21
BRDA:54,3,0,24
BRDA:54,3,1,22
BRDA:57,4,0,24
BRDA:57,4,1,21
BRDA:74,5,0,24
BRDA:74,5,1,1
BRDA:86,6,0,2
BRDA:86,6,1,22
BRDA:91,7,0,3
BRDA:91,7,1,21
BRDA:100,8,0,1
BRDA:100,8,1,10
BRF:18
BRH:18
end_of_record
TN:
SF:src\ui\component\filaTimeCard\filaTimeCard.component.jsx
FN:4,FilaTimeCard
FN:34,(anonymous_1)
FNF:2
FNH:2
FNDA:8,FilaTimeCard
FNDA:2,(anonymous_1)
DA:8,8
DA:9,6
DA:11,2
DA:12,1
DA:15,1
DA:18,8
DA:20,8
DA:34,2
LF:8
LH:8
BRDA:8,0,0,6
BRDA:8,0,1,2
BRDA:11,1,0,1
BRDA:11,1,1,1
BRDA:48,2,0,3
BRDA:48,2,1,5
BRDA:52,3,0,3
BRDA:52,3,1,5
BRF:8
BRH:8
end_of_record
TN:
SF:src\ui\component\graficos\graficos.component.jsx
FN:15,(anonymous_0)
FN:24,(anonymous_1)
FN:48,Graficos
FN:50,(anonymous_3)
FN:58,(anonymous_4)
FN:74,(anonymous_5)
FNF:6
FNH:6
FNDA:18,(anonymous_0)
FNDA:18,(anonymous_1)
FNDA:3,Graficos
FNDA:4,(anonymous_3)
FNDA:4,(anonymous_4)
FNDA:4,(anonymous_5)
DA:15,1
DA:16,18
DA:17,9
DA:25,18
DA:45,9
DA:50,4
DA:56,3
DA:58,4
DA:74,4
DA:80,3
LF:10
LH:10
BRDA:16,0,0,9
BRDA:16,0,1,9
BRDA:16,1,0,18
BRDA:16,1,1,9
BRDA:30,2,0,18
BRDA:30,2,1,9
BRDA:58,3,0,3
BRDA:58,3,1,1
BRDA:68,4,0,3
BRDA:68,4,1,1
BRF:10
BRH:10
end_of_record
TN:
SF:src\ui\component\loading\loading.component.jsx
FN:4,Loading
FNF:1
FNH:1
FNDA:1,Loading
DA:5,1
LF:1
LH:1
BRF:0
BRH:0
end_of_record
TN:
SF:src\ui\component\metricaCard\metricaCard.component.jsx
FN:3,MetricCard
FNF:1
FNH:1
FNDA:6,MetricCard
DA:4,6
LF:1
LH:1
BRDA:18,0,0,6
BRDA:18,0,1,5
BRF:2
BRH:2
end_of_record
TN:
SF:src\ui\component\metricasGeraisCard\metricasGeraisCards.component.jsx
FN:5,buildKpis
FN:42,MetricasGeraisCard
FN:50,(anonymous_2)
FNF:3
FNH:3
FNDA:2,buildKpis
FNDA:2,MetricasGeraisCard
FNDA:10,(anonymous_2)
DA:6,2
DA:44,2
DA:46,2
DA:51,10
DA:53,10
LF:5
LH:5
BRDA:28,0,0,2
BRDA:28,0,1,1
BRDA:66,1,0,4
BRDA:66,1,1,6
BRF:4
BRH:4
end_of_record
TN:
SF:src\ui\component\resumoMetricaEquipe\resumoMetricaCard.component.jsx
FN:5,ResumoMetricaCard
FNF:1
FNH:1
FNDA:1,ResumoMetricaCard
DA:7,1
LF:1
LH:1
BRF:0
BRH:0
end_of_record
TN:
SF:src\ui\component\seletorPeriodo\seletorPeriodo.component.jsx
FN:6,SeletorPeriodo
FN:14,atualizarDadosMeses
FN:23,(anonymous_2)
FN:27,(anonymous_3)
FN:31,(anonymous_4)
FN:52,(anonymous_5)
FN:57,(anonymous_6)
FNF:7
FNH:7
FNDA:8,SeletorPeriodo
FNDA:2,atualizarDadosMeses
FNDA:2,(anonymous_2)
FNDA:4,(anonymous_3)
FNDA:4,(anonymous_4)
FNDA:1,(anonymous_5)
FNDA:4,(anonymous_6)
DA:8,8
DA:10,8
DA:12,8
DA:16,2
DA:18,2
DA:19,2
DA:23,8
DA:24,2
DA:27,8
DA:29,4
DA:31,4
DA:32,4
DA:35,4
DA:39,8
DA:52,1
DA:58,4
LF:16
LH:16
BRF:0
BRH:0
end_of_record
TN:
SF:src\ui\component\tabelaMetricas\tabelaMetricas.component.jsx
FN:12,TabelaMetricas
FN:29,(anonymous_1)
FN:39,(anonymous_2)
FNF:3
FNH:3
FNDA:2,TabelaMetricas
FNDA:10,(anonymous_1)
FNDA:4,(anonymous_2)
DA:4,1
DA:14,2
DA:30,10
DA:40,4
LF:4
LH:4
BRF:0
BRH:0
end_of_record
TN:
SF:src\ui\component\ticketsRecusadosCard\ticketsRecusadosCard.component.jsx
FN:5,TicketsRecusadosCard
FNF:1
FNH:1
FNDA:3,TicketsRecusadosCard
DA:7,3
DA:9,3
LF:2
LH:2
BRDA:7,0,0,3
BRDA:7,0,1,2
BRDA:40,1,0,1
BRDA:40,1,1,2
BRDA:45,2,0,1
BRDA:45,2,1,2
BRDA:51,3,0,1
BRDA:51,3,1,2
BRF:8
BRH:8
end_of_record
TN:
SF:src\ui\screen\detalhe-fila\detalheFila.screen.jsx
FN:7,DetalheFila
FN:23,atualizarDadosEquipe
FN:33,reatualizarDadosEquipe
FN:42,(anonymous_3)
FNF:4
FNH:4
FNDA:13,DetalheFila
FNDA:5,atualizarDadosEquipe
FNDA:1,reatualizarDadosEquipe
FNDA:5,(anonymous_3)
DA:9,13
DA:11,13
DA:13,13
DA:15,13
DA:17,13
DA:19,13
DA:21,13
DA:24,5
DA:26,5
DA:28,5
DA:30,5
DA:35,1
DA:37,1
DA:39,1
DA:42,13
DA:43,5
DA:46,13
DA:48,13
LF:18
LH:18
BRDA:15,0,0,13
BRDA:15,0,1,2
BRDA:57,1,0,5
BRDA:57,1,1,8
BRF:4
BRH:4
end_of_record
TN:
SF:src\ui\screen\home\home.screen.jsx
FN:7,Home
FN:17,atualizarDadosHome
FN:27,reatualizarDadosHome
FN:34,(anonymous_3)
FN:38,abrirDetalhes
FN:94,(anonymous_5)
FNF:6
FNH:6
FNDA:10,Home
FNDA:3,atualizarDadosHome
FNDA:1,reatualizarDadosHome
FNDA:3,(anonymous_3)
FNDA:1,abrirDetalhes
FNDA:8,(anonymous_5)
DA:9,10
DA:11,10
DA:13,10
DA:15,10
DA:18,3
DA:20,3
DA:22,3
DA:24,3
DA:29,1
DA:31,1
DA:34,10
DA:35,3
DA:39,1
DA:42,10
DA:48,10
DA:50,10
DA:95,8
LF:17
LH:17
BRDA:55,0,0,3
BRDA:55,0,1,7
BRF:2
BRH:2
end_of_record
TN:
SF:src\ui\screen\metricas-filas\metricasFilas.screen.jsx
FN:6,MetricasFilas
FN:16,atualizarDadosMetricas
FN:27,reatualizarDadosMetricas
FN:34,(anonymous_3)
FNF:4
FNH:4
FNDA:12,MetricasFilas
FNDA:4,atualizarDadosMetricas
FNDA:1,reatualizarDadosMetricas
FNDA:4,(anonymous_3)
DA:8,12
DA:10,12
DA:12,12
DA:14,12
DA:17,4
DA:19,4
DA:21,4
DA:23,4
DA:24,4
DA:29,1
DA:31,1
DA:34,12
DA:35,4
DA:38,12
DA:40,12
LF:15
LH:15
BRDA:48,0,0,4
BRDA:48,0,1,8
BRF:2
BRH:2
end_of_record
TN:
SF:src\ui\screen\telaIndisponivel\telaIndisponivel.screen.jsx
FN:7,TelaIndisponivel
FN:17,handleRetry
FN:20,(anonymous_2)
FNF:3
FNH:3
FNDA:5,TelaIndisponivel
FNDA:2,handleRetry
FNDA:2,(anonymous_2)
DA:9,5
DA:11,5
DA:13,5
DA:15,5
DA:18,2
DA:20,2
DA:21,2
DA:25,5
LF:8
LH:8
BRDA:13,0,0,5
BRDA:13,0,1,2
BRDA:65,1,0,2
BRDA:65,1,1,3
BRF:4
BRH:4
end_of_record
TN:
SF:src\ui\screen\telaNaoEncontrada\telaNaoEncontrada.screen.jsx
FN:6,TelaNaoEncontrada
FN:41,(anonymous_1)
FN:83,(anonymous_2)
FNF:3
FNH:3
FNDA:3,TelaNaoEncontrada
FNDA:1,(anonymous_1)
FNDA:9,(anonymous_2)
DA:8,3
DA:10,3
DA:41,1
DA:84,9
LF:4
LH:4
BRF:0
BRH:0
end_of_record
TN:
SF:src\utils\date.js
FN:6,converterDataParaSeletor
FN:17,converterSeletorParaData
FNF:2
FNH:2
FNDA:7,converterDataParaSeletor
FNDA:7,converterSeletorParaData
DA:1,1
DA:7,7
DA:9,4
DA:11,4
DA:12,4
DA:14,7
DA:18,7
DA:20,4
DA:21,4
DA:23,4
DA:25,3
DA:26,3
LF:12
LH:12
BRDA:7,0,0,3
BRDA:7,0,1,4
BRDA:12,1,0,4
BRDA:12,1,1,1
BRDA:18,2,0,3
BRDA:18,2,1,4
BRDA:23,3,0,1
BRDA:23,3,1,3
BRF:8
BRH:8
end_of_record
TN:
SF:src\utils\time.js
FN:2,formatDuration
FN:8,(anonymous_1)
FN:15,formatHumanDuration
FN:27,elapsedSeconds
FN:32,formatClock
FN:41,formatClockMs
FN:50,elapsedFromMinsAgo
FN:55,elapsedFromSecsAgo
FNF:8
FNH:8
FNDA:8,formatDuration
FNDA:18,(anonymous_1)
FNDA:6,formatHumanDuration
FNDA:1,elapsedSeconds
FNDA:5,formatClock
FNDA:1,formatClockMs
FNDA:1,elapsedFromMinsAgo
FNDA:1,elapsedFromSecsAgo
DA:3,8
DA:4,8
DA:5,8
DA:6,8
DA:8,18
DA:10,8
DA:11,6
DA:16,6
DA:17,6
DA:18,6
DA:19,6
DA:21,6
DA:22,4
DA:23,2
DA:28,1
DA:33,5
DA:42,1
DA:51,1
DA:56,1
LF:19
LH:19
BRDA:10,0,0,2
BRDA:10,0,1,6
BRDA:21,1,0,2
BRDA:21,1,1,4
BRDA:22,2,0,2
BRDA:22,2,1,2
BRF:6
BRH:6
end_of_record
